<?xml version="1.0" encoding="UTF-8"?>
<testsuite name="ghost.GhostTest" tests="6" skipped="0" failures="0" errors="0" timestamp="2020-11-13T10:01:36" hostname="pkdyc-Surface-Pro" time="4.06">
  <properties/>
  <testcase name="getPossibleTarget()" classname="ghost.GhostTest" time="0.452"/>
  <testcase name="doNotHitWall()" classname="ghost.GhostTest" time="0.684"/>
  <testcase name="bestSolution()" classname="ghost.GhostTest" time="0.646"/>
  <testcase name="getCorner()" classname="ghost.GhostTest" time="0.571"/>
  <testcase name="reachTarget()" classname="ghost.GhostTest" time="0.793"/>
  <testcase name="getPossibleDirection()" classname="ghost.GhostTest" time="0.904"/>
  <system-out><![CDATA[change target
change target
change target
change target
change target
change target
change target
change target
change target
change target
change target
change target
change target
change target
change target
change target
change target
change target
change target
change target
change target
change target
change target
change target
change target
change target
change target
change target
change target
change target
change target
change target
change target
change target
change target
change target
change target
change target
change target
change target
change target
change target
change target
change target
change target
change target
change target
change target
change target
change target
change target
change target
change target
change target
change target
change target
change target
change target
change target
change target
change target
change target
change target
lose your life
change target
change target
change target
change target
change target
change target
change target
change target
change target
change target
change target
change target
change target
change target
change target
change target
change target
change target
change target
change target
error!!!!!!!!
change target
change target
change target
change target
change target
change target
change target
change target
change target
change target
change target
change target
change target
change target
change target
change target
change target
change target
change target
change target
change target
change target
change target
change target
change target
change target
change target
change target
change target
change target
change target
change target
change target
change target
change target
change target
change target
change target
change target
change target
change target
change target
change target
change target
change target
change target
change target
change target
change target
change target
change target
change target
change target
change target
change target
change target
change target
change target
change target
change target
change target
change target
change target
change target
change target
change target
change target
change target
change target
change target
change target
change target
change target
change target
change target
change target
change target
change target
change target
change target
change target
change target
change target
change target
change target
change target
change target
change target
change target
change target
change target
change target
change target
change target
change target
change target
change target
change target
change target
change target
]]></system-out>
  <system-err><![CDATA[java.lang.NullPointerException
java.lang.NullPointerException
java.lang.NullPointerException
]]></system-err>
</testsuite>
